2013-04-28 02:27:38,156-[TS] INFO main org.springframework.beans.factory.xml.XmlBeanDefinitionReader - Loading XML bean definitions from class path resource [context-datasource.xml]
 2013-04-28 02:27:38,659-[TS] INFO main org.springframework.context.support.GenericApplicationContext - Refreshing org.springframework.context.support.GenericApplicationContext@105e55ab: startup date [Sun Apr 28 02:27:38 CST 2013]; root of context hierarchy
 2013-04-28 02:27:38,856-[TS] INFO main org.springframework.beans.factory.config.PropertyPlaceholderConfigurer - Loading properties file from class path resource [datasource.properties]
 2013-04-28 02:27:38,919-[TS] INFO main org.springframework.beans.factory.support.DefaultListableBeanFactory - Pre-instantiating singletons in org.springframework.beans.factory.support.DefaultListableBeanFactory@ad4d66b: defining beans [CommonHibernateDao,ApartmentCommentDao,ApartmentDao,AreaCommentDao,AreaDao,AreaPolylineDao,BuildingCommentDao,BuildingDao,CommentDao,FloorplanCommentDao,FloorplanDao,MediaDao,ProjectCommentDao,ProjectDao,ProjectMediaDao,StageCommentDao,StageDao,SuburbCommentDao,SuburbDao,SuburbPolylineDao,DepartmentDao,PermissionDao,ProfileDao,ProfileDepartmentDao,ProfileRoleDao,RoleDao,RolePermissionDao,org.springframework.context.annotation.internalConfigurationAnnotationProcessor,org.springframework.context.annotation.internalAutowiredAnnotationProcessor,org.springframework.context.annotation.internalRequiredAnnotationProcessor,org.springframework.context.annotation.internalCommonAnnotationProcessor,org.springframework.context.annotation.internalPersistenceAnnotationProcessor,org.springframework.beans.factory.config.PropertyPlaceholderConfigurer#0,dataSource,sessionFactory,txManager,org.springframework.aop.config.internalAutoProxyCreator,org.springframework.transaction.annotation.AnnotationTransactionAttributeSource#0,org.springframework.transaction.interceptor.TransactionInterceptor#0,org.springframework.transaction.config.internalTransactionAdvisor,org.springframework.context.annotation.ConfigurationClassPostProcessor.importAwareProcessor]; root of factory hierarchy
 2013-04-28 02:27:39,168-[TS] INFO main org.hibernate.annotations.common.Version - HCANN000001: Hibernate Commons Annotations {4.0.1.Final}
 2013-04-28 02:27:39,178-[TS] INFO main org.hibernate.Version - HHH000412: Hibernate Core {4.2.0.Final}
 2013-04-28 02:27:39,181-[TS] INFO main org.hibernate.cfg.Environment - HHH000206: hibernate.properties not found
 2013-04-28 02:27:39,184-[TS] INFO main org.hibernate.cfg.Environment - HHH000021: Bytecode provider name : javassist
 2013-04-28 02:27:40,637-[TS] INFO main org.hibernate.dialect.Dialect - HHH000400: Using dialect: org.hibernate.dialect.MySQL5InnoDBDialect
 2013-04-28 02:27:40,653-[TS] INFO main org.hibernate.engine.jdbc.internal.LobCreatorBuilder - HHH000423: Disabling contextual LOB creation as JDBC driver reported JDBC version [3] less than 4
 2013-04-28 02:27:40,677-[TS] INFO main org.hibernate.engine.transaction.internal.TransactionFactoryInitiator - HHH000399: Using default transaction strategy (direct JDBC transactions)
 2013-04-28 02:27:40,689-[TS] INFO main org.hibernate.hql.internal.ast.ASTQueryTranslatorFactory - HHH000397: Using ASTQueryTranslatorFactory
 2013-04-28 02:27:40,754-[TS] DEBUG main org.hibernate.cache.ehcache.AbstractEhcacheRegionFactory - Creating EhCacheRegionFactory from a specified resource: /ehcache_hibernate.xml.  Resolved to URL: file:/E:/Personal/lhl/java/befun-dao/target/test-classes/ehcache_hibernate.xml
 2013-04-28 02:27:40,973-[TS] INFO main org.hibernate.cache.spi.UpdateTimestampsCache - HHH000250: Starting update timestamps cache at region: org.hibernate.cache.spi.UpdateTimestampsCache
 2013-04-28 02:27:40,978-[TS] WARN main org.hibernate.cache.ehcache.AbstractEhcacheRegionFactory - HHH020003: Could not find a specific ehcache configuration for cache named [org.hibernate.cache.spi.UpdateTimestampsCache]; using defaults.
 2013-04-28 02:27:40,981-[TS] DEBUG main org.hibernate.cache.ehcache.AbstractEhcacheRegionFactory - started EHCache region: org.hibernate.cache.spi.UpdateTimestampsCache
 2013-04-28 02:27:40,987-[TS] INFO main org.hibernate.cache.internal.StandardQueryCache - HHH000248: Starting query cache at region: org.hibernate.cache.internal.StandardQueryCache
 2013-04-28 02:27:40,990-[TS] WARN main org.hibernate.cache.ehcache.AbstractEhcacheRegionFactory - HHH020003: Could not find a specific ehcache configuration for cache named [org.hibernate.cache.internal.StandardQueryCache]; using defaults.
 2013-04-28 02:27:40,991-[TS] DEBUG main org.hibernate.cache.ehcache.AbstractEhcacheRegionFactory - started EHCache region: org.hibernate.cache.internal.StandardQueryCache
 2013-04-28 02:27:41,027-[TS] WARN main org.hibernate.cache.ehcache.AbstractEhcacheRegionFactory - HHH020003: Could not find a specific ehcache configuration for cache named [project]; using defaults.
 2013-04-28 02:27:41,028-[TS] DEBUG main org.hibernate.cache.ehcache.AbstractEhcacheRegionFactory - started EHCache region: project
 2013-04-28 02:27:41,125-[TS] WARN main org.hibernate.cache.ehcache.AbstractEhcacheRegionFactory - HHH020003: Could not find a specific ehcache configuration for cache named [comment]; using defaults.
 2013-04-28 02:27:41,125-[TS] DEBUG main org.hibernate.cache.ehcache.AbstractEhcacheRegionFactory - started EHCache region: comment
 2013-04-28 02:27:41,134-[TS] WARN main org.hibernate.cache.ehcache.AbstractEhcacheRegionFactory - HHH020003: Could not find a specific ehcache configuration for cache named [geography]; using defaults.
 2013-04-28 02:27:41,135-[TS] DEBUG main org.hibernate.cache.ehcache.AbstractEhcacheRegionFactory - started EHCache region: geography
 2013-04-28 02:27:41,152-[TS] WARN main org.hibernate.cache.ehcache.AbstractEhcacheRegionFactory - HHH020003: Could not find a specific ehcache configuration for cache named [media]; using defaults.
 2013-04-28 02:27:41,153-[TS] DEBUG main org.hibernate.cache.ehcache.AbstractEhcacheRegionFactory - started EHCache region: media
 2013-04-28 02:27:41,226-[TS] WARN main org.hibernate.cache.ehcache.AbstractEhcacheRegionFactory - HHH020003: Could not find a specific ehcache configuration for cache named [floorplan]; using defaults.
 2013-04-28 02:27:41,226-[TS] DEBUG main org.hibernate.cache.ehcache.AbstractEhcacheRegionFactory - started EHCache region: floorplan
 2013-04-28 02:27:42,201-[TS] INFO main org.springframework.orm.hibernate4.HibernateTransactionManager - Using DataSource [org.logicalcobwebs.proxool.ProxoolDataSource@3f9ab00e] of Hibernate SessionFactory for HibernateTransactionManager
 2013-04-28 02:27:42,391-[TS] INFO main org.springframework.test.context.transaction.TransactionalTestExecutionListener - Began transaction (1): transaction manager [org.springframework.orm.hibernate4.HibernateTransactionManager@1ff31ad9]; rollback [false]
 2013-04-28 02:27:42,537-[TS] WARN main org.hibernate.engine.jdbc.internal.JdbcCoordinatorImpl - HHH000387: ResultSet's statement was not registered
 2013-04-28 02:27:42,552-[TS] WARN main org.hibernate.engine.jdbc.internal.JdbcCoordinatorImpl - HHH000387: ResultSet's statement was not registered
 2013-04-28 02:27:42,604-[TS] INFO main org.springframework.test.context.transaction.TransactionalTestExecutionListener - Committed transaction after test execution for test context [TestContext@14cef147 testClass = TestProjectDao, testInstance = com.befun.dao.TestProjectDao@1e4276fd, testMethod = testQueryGroup@TestProjectDao, testException = [null], mergedContextConfiguration = [MergedContextConfiguration@1d91eb90 testClass = TestProjectDao, locations = '{classpath:context-datasource.xml}', classes = '{}', contextInitializerClasses = '[]', activeProfiles = '{}', contextLoader = 'org.springframework.test.context.support.DelegatingSmartContextLoader', parent = [null]]]
 2013-04-28 02:27:42,649-[TS] INFO main org.springframework.test.context.transaction.TransactionalTestExecutionListener - Began transaction (1): transaction manager [org.springframework.orm.hibernate4.HibernateTransactionManager@1ff31ad9]; rollback [false]
 2013-04-28 02:27:42,762-[TS] DEBUG main org.hibernate.cache.spi.UpdateTimestampsCache - Pre-invalidating space [AREA], timestamp: 5599589674033152
 2013-04-28 02:27:42,763-[TS] DEBUG main org.hibernate.cache.ehcache.internal.regions.EhcacheGeneralDataRegion - key: AREA value: 5599589674033152
 2013-04-28 02:27:42,797-[TS] DEBUG main org.hibernate.cache.spi.UpdateTimestampsCache - Invalidating space [AREA], timestamp: 5599589428416512
 2013-04-28 02:27:42,797-[TS] DEBUG main org.hibernate.cache.ehcache.internal.regions.EhcacheGeneralDataRegion - key: AREA value: 5599589428416512
 2013-04-28 02:27:42,799-[TS] INFO main org.springframework.test.context.transaction.TransactionalTestExecutionListener - Committed transaction after test execution for test context [TestContext@79b2591c testClass = TestAreaDao, testInstance = com.befun.dao.TestAreaDao@2bf87baf, testMethod = testSave@TestAreaDao, testException = [null], mergedContextConfiguration = [MergedContextConfiguration@468034b6 testClass = TestAreaDao, locations = '{classpath:context-datasource.xml}', classes = '{}', contextInitializerClasses = '[]', activeProfiles = '{}', contextLoader = 'org.springframework.test.context.support.DelegatingSmartContextLoader', parent = [null]]]
 2013-04-28 02:27:42,836-[TS] INFO main org.springframework.test.context.transaction.TransactionalTestExecutionListener - Began transaction (1): transaction manager [org.springframework.orm.hibernate4.HibernateTransactionManager@1ff31ad9]; rollback [false]
 2013-04-28 02:27:42,840-[TS] WARN main org.hibernate.engine.jdbc.internal.JdbcCoordinatorImpl - HHH000387: ResultSet's statement was not registered
 2013-04-28 02:27:42,850-[TS] INFO main org.springframework.test.context.transaction.TransactionalTestExecutionListener - Committed transaction after test execution for test context [TestContext@55e03a61 testClass = TestCommonDao, testInstance = com.befun.dao.TestCommonDao@7418e252, testMethod = testCount@TestCommonDao, testException = [null], mergedContextConfiguration = [MergedContextConfiguration@db2b10a testClass = TestCommonDao, locations = '{classpath:context-datasource.xml}', classes = '{}', contextInitializerClasses = '[]', activeProfiles = '{}', contextLoader = 'org.springframework.test.context.support.DelegatingSmartContextLoader', parent = [null]]]
 2013-04-28 02:27:42,854-[TS] INFO main org.springframework.test.context.transaction.TransactionalTestExecutionListener - Began transaction (2): transaction manager [org.springframework.orm.hibernate4.HibernateTransactionManager@1ff31ad9]; rollback [false]
 2013-04-28 02:27:42,906-[TS] DEBUG main org.hibernate.cache.spi.UpdateTimestampsCache - Pre-invalidating space [AREA], timestamp: 5599589674622976
 2013-04-28 02:27:42,907-[TS] DEBUG main org.hibernate.cache.ehcache.internal.regions.EhcacheGeneralDataRegion - key: AREA value: 5599589674622976
 2013-04-28 02:27:42,972-[TS] DEBUG main org.hibernate.cache.spi.UpdateTimestampsCache - Invalidating space [AREA], timestamp: 5599589429133312
 2013-04-28 02:27:42,973-[TS] DEBUG main org.hibernate.cache.ehcache.internal.regions.EhcacheGeneralDataRegion - key: AREA value: 5599589429133312
 2013-04-28 02:27:42,975-[TS] INFO main org.springframework.test.context.transaction.TransactionalTestExecutionListener - Committed transaction after test execution for test context [TestContext@55e03a61 testClass = TestCommonDao, testInstance = com.befun.dao.TestCommonDao@dc44a6d, testMethod = testSave@TestCommonDao, testException = [null], mergedContextConfiguration = [MergedContextConfiguration@db2b10a testClass = TestCommonDao, locations = '{classpath:context-datasource.xml}', classes = '{}', contextInitializerClasses = '[]', activeProfiles = '{}', contextLoader = 'org.springframework.test.context.support.DelegatingSmartContextLoader', parent = [null]]]
 2013-04-28 02:27:42,983-[TS] INFO main org.springframework.test.context.transaction.TransactionalTestExecutionListener - Began transaction (3): transaction manager [org.springframework.orm.hibernate4.HibernateTransactionManager@1ff31ad9]; rollback [false]
 2013-04-28 02:27:42,987-[TS] WARN main org.hibernate.engine.jdbc.internal.JdbcCoordinatorImpl - HHH000387: ResultSet's statement was not registered
 2013-04-28 02:27:42,996-[TS] WARN main org.hibernate.engine.jdbc.internal.JdbcCoordinatorImpl - HHH000387: ResultSet's statement was not registered
 2013-04-28 02:27:43,000-[TS] INFO main org.springframework.test.context.transaction.TransactionalTestExecutionListener - Committed transaction after test execution for test context [TestContext@55e03a61 testClass = TestCommonDao, testInstance = com.befun.dao.TestCommonDao@69c5a33b, testMethod = testQuery@TestCommonDao, testException = [null], mergedContextConfiguration = [MergedContextConfiguration@db2b10a testClass = TestCommonDao, locations = '{classpath:context-datasource.xml}', classes = '{}', contextInitializerClasses = '[]', activeProfiles = '{}', contextLoader = 'org.springframework.test.context.support.DelegatingSmartContextLoader', parent = [null]]]
 2013-04-28 02:27:43,008-[TS] INFO main org.springframework.test.context.transaction.TransactionalTestExecutionListener - Began transaction (4): transaction manager [org.springframework.orm.hibernate4.HibernateTransactionManager@1ff31ad9]; rollback [false]
 2013-04-28 02:27:43,011-[TS] WARN main org.hibernate.engine.jdbc.internal.JdbcCoordinatorImpl - HHH000387: ResultSet's statement was not registered
 2013-04-28 02:27:43,022-[TS] INFO main org.springframework.test.context.transaction.TransactionalTestExecutionListener - Committed transaction after test execution for test context [TestContext@55e03a61 testClass = TestCommonDao, testInstance = com.befun.dao.TestCommonDao@2b27fa03, testMethod = testQueryGroup@TestCommonDao, testException = [null], mergedContextConfiguration = [MergedContextConfiguration@db2b10a testClass = TestCommonDao, locations = '{classpath:context-datasource.xml}', classes = '{}', contextInitializerClasses = '[]', activeProfiles = '{}', contextLoader = 'org.springframework.test.context.support.DelegatingSmartContextLoader', parent = [null]]]
 2013-04-28 02:27:43,051-[TS] INFO main org.springframework.test.context.transaction.TransactionalTestExecutionListener - Began transaction (1): transaction manager [org.springframework.orm.hibernate4.HibernateTransactionManager@1ff31ad9]; rollback [false]
 2013-04-28 02:27:43,084-[TS] DEBUG main org.hibernate.cache.spi.UpdateTimestampsCache - Pre-invalidating space [PROFILE], timestamp: 5599589675352064
 2013-04-28 02:27:43,085-[TS] DEBUG main org.hibernate.cache.ehcache.internal.regions.EhcacheGeneralDataRegion - key: PROFILE value: 5599589675352064
 2013-04-28 02:27:43,135-[TS] DEBUG main org.hibernate.cache.spi.UpdateTimestampsCache - Invalidating space [PROFILE], timestamp: 5599589429800960
 2013-04-28 02:27:43,136-[TS] DEBUG main org.hibernate.cache.ehcache.internal.regions.EhcacheGeneralDataRegion - key: PROFILE value: 5599589429800960
 2013-04-28 02:27:43,138-[TS] INFO main org.springframework.test.context.transaction.TransactionalTestExecutionListener - Committed transaction after test execution for test context [TestContext@7d1050be testClass = TestProfileDao, testInstance = com.befun.dao.TestProfileDao@3a252a17, testMethod = testSave@TestProfileDao, testException = [null], mergedContextConfiguration = [MergedContextConfiguration@5dee69d3 testClass = TestProfileDao, locations = '{classpath:context-datasource.xml}', classes = '{}', contextInitializerClasses = '[]', activeProfiles = '{}', contextLoader = 'org.springframework.test.context.support.DelegatingSmartContextLoader', parent = [null]]]
 2013-04-28 02:27:43,155-[TS] INFO Thread-9 org.springframework.context.support.GenericApplicationContext - Closing org.springframework.context.support.GenericApplicationContext@105e55ab: startup date [Sun Apr 28 02:27:38 CST 2013]; root of context hierarchy
 2013-04-28 02:27:43,155-[TS] INFO Shutdown Hook org.logicalcobwebs.proxool.proxoolDataSource - Shutting down 'proxoolDataSource' pool immediately [Shutdown Hook]
 2013-04-28 02:27:43,157-[TS] INFO Thread-9 org.springframework.beans.factory.support.DefaultListableBeanFactory - Destroying singletons in org.springframework.beans.factory.support.DefaultListableBeanFactory@ad4d66b: defining beans [CommonHibernateDao,ApartmentCommentDao,ApartmentDao,AreaCommentDao,AreaDao,AreaPolylineDao,BuildingCommentDao,BuildingDao,CommentDao,FloorplanCommentDao,FloorplanDao,MediaDao,ProjectCommentDao,ProjectDao,ProjectMediaDao,StageCommentDao,StageDao,SuburbCommentDao,SuburbDao,SuburbPolylineDao,DepartmentDao,PermissionDao,ProfileDao,ProfileDepartmentDao,ProfileRoleDao,RoleDao,RolePermissionDao,org.springframework.context.annotation.internalConfigurationAnnotationProcessor,org.springframework.context.annotation.internalAutowiredAnnotationProcessor,org.springframework.context.annotation.internalRequiredAnnotationProcessor,org.springframework.context.annotation.internalCommonAnnotationProcessor,org.springframework.context.annotation.internalPersistenceAnnotationProcessor,org.springframework.beans.factory.config.PropertyPlaceholderConfigurer#0,dataSource,sessionFactory,txManager,org.springframework.aop.config.internalAutoProxyCreator,org.springframework.transaction.annotation.AnnotationTransactionAttributeSource#0,org.springframework.transaction.interceptor.TransactionInterceptor#0,org.springframework.transaction.config.internalTransactionAdvisor,org.springframework.context.annotation.ConfigurationClassPostProcessor.importAwareProcessor]; root of factory hierarchy
 2013-04-28 02:27:43,158-[TS] INFO Shutdown Hook org.logicalcobwebs.proxool.PrototyperController - Stopping Prototyper thread
 2013-04-28 02:27:43,159-[TS] INFO Shutdown Hook org.logicalcobwebs.proxool.HouseKeeperController - Stopping HouseKeeper thread
 